<html>
<head>
<title>TestNG:  LoginTest</title>
<link href="../testng.css" rel="stylesheet" type="text/css" />
<link href="../my-testng.css" rel="stylesheet" type="text/css" />

<style type="text/css">
.log { display: none;} 
.stack-trace { display: none;} 
</style>
<script type="text/javascript">
<!--
function flip(e) {
  current = e.style.display;
  if (current == 'block') {
    e.style.display = 'none';
    return 0;
  }
  else {
    e.style.display = 'block';
    return 1;
  }
}

function toggleBox(szDivId, elem, msg1, msg2)
{
  var res = -1;  if (document.getElementById) {
    res = flip(document.getElementById(szDivId));
  }
  else if (document.all) {
    // this is the way old msie versions work
    res = flip(document.all[szDivId]);
  }
  if(elem) {
    if(res == 0) elem.innerHTML = msg1; else elem.innerHTML = msg2;
  }

}

function toggleAllBoxes() {
  if (document.getElementsByTagName) {
    d = document.getElementsByTagName('div');
    for (i = 0; i < d.length; i++) {
      if (d[i].className == 'log') {
        flip(d[i]);
      }
    }
  }
}

// -->
</script>

</head>
<body>
<h2 align='center'>LoginTest</h2><table border='1' align="center">
<tr>
<td>Tests passed/Failed/Skipped:</td><td>0/6/0</td>
</tr><tr>
<td>Started on:</td><td>Sun Feb 12 11:41:19 IST 2023</td>
</tr>
<tr><td>Total time:</td><td>36 seconds (36468 ms)</td>
</tr><tr>
<td>Included groups:</td><td>smoke </td>
</tr><tr>
<td>Excluded groups:</td><td></td>
</tr>
</table><p/>
<small><i>(Hover the method name to see the test class name)</i></small><p/>
<table width='100%' border='1' class='invocation-failed'>
<tr><td colspan='4' align='center'><b>FAILED TESTS</b></td></tr>
<tr><td><b>Test method</b></td>
<td width="30%"><b>Exception</b></td>
<td width="10%"><b>Time (seconds)</b></td>
<td><b>Instance</b></td>
</tr>
<tr>
<td title='com.oneapp.test_suits.Myprofile_testcases.validate_myprofile_valid_details_testcase400()'><b>validate_myprofile_valid_details_testcase400</b><br>Test class: com.oneapp.test_suits.Myprofile_testcases</td>
<td><div><pre>org.openqa.selenium.NoSuchElementException: An element could not be located on the page using the given search parameters.
For documentation on this error, please visit: https://www.seleniumhq.org/exceptions/no_such_element.html
Build info: version: &apos;3.141.59&apos;, revision: &apos;e82be7d358&apos;, time: &apos;2018-11-14T08:17:03&apos;
System info: host: &apos;DESKTOP-A2S9SMV&apos;, ip: &apos;192.168.0.104&apos;, os.name: &apos;Windows 10&apos;, os.arch: &apos;amd64&apos;, os.version: &apos;10.0&apos;, java.version: &apos;17.0.6&apos;
Driver info: io.appium.java_client.android.AndroidDriver
Capabilities {app: /opt/raid-data/data/userV2/..., appActivity: com.customerapp.hero.views...., appPackage: com.customerapp.hero, automationName: uiautomator2, build: Android latest APK - 9.0.5, databaseEnabled: false, desired: {app: /opt/raid-data/data/userV2/..., appActivity: com.customerapp.hero.views...., appPackage: com.customerapp.hero, automationName: uiautomator2, build: Android latest APK - 9.0.5, deviceName: 789, launchTimeout: 90000, name: Invalid login, newCommandTimeout: 600, pCloudy_ApiKey: 4mmqmhz7zcctk866c7r6294h, pCloudy_ApplicationName: app-debug.apk, pCloudy_DeviceFullName: SAMSUNG_GalaxyNote20_Androi..., pCloudy_DurationInMinutes: 10, pCloudy_EnableDeviceLogs: false, pCloudy_EnablePerformanceData: false, pCloudy_EnableVideo: false, pCloudy_Username: mobileapp7.support@heromoto..., pCloudy_WildNet: false, platformName: android, platformVersion: 12.0.0, project: Hero app, systemPort: 30064, tag: newtag}, deviceApiLevel: 31, deviceManufacturer: samsung, deviceModel: SM-N980F, deviceName: RZ8N81KBQCP, deviceScreenDensity: 450, deviceScreenSize: 1080x2400, deviceUDID: RZ8N81KBQCP, javascriptEnabled: true, launchTimeout: 90000, locationContextEnabled: false, name: Invalid login, networkConnectionEnabled: true, newCommandTimeout: 600, pCloudy_ApiKey: 4mmqmhz7zcctk866c7r6294h, pCloudy_ApplicationName: app-debug.apk, pCloudy_DeviceFullName: SAMSUNG_GalaxyNote20_Androi..., pCloudy_DurationInMinutes: 10, pCloudy_EnableDeviceLogs: false, pCloudy_EnablePerformanceData: false, pCloudy_EnableVideo: false, pCloudy_Username: mobileapp7.support@heromoto..., pCloudy_WildNet: false, pixelRatio: 2.8125, platform: LINUX, platformName: Android, platformVersion: 12, project: Hero app, statBarHeight: 92, systemPort: 30064, tag: newtag, takesScreenshot: true, viewportRect: {height: 2081, left: 0, top: 92, width: 1080}, warnings: {}, webStorageEnabled: false}
Session ID: bc875a8d-9403-40f9-81d6-caed4436e295
*** Element info: {Using=id, value=com.customerapp.hero:id/lbl1}
	at org.openqa.selenium.remote.http.W3CHttpResponseCodec.createException(W3CHttpResponseCodec.java:187)
	at org.openqa.selenium.remote.http.W3CHttpResponseCodec.decode(W3CHttpResponseCodec.java:122)
	at org.openqa.selenium.remote.http.W3CHttpResponseCodec.decode(W3CHttpResponseCodec.java:49)
	at org.openqa.selenium.remote.HttpCommandExecutor.execute(HttpCommandExecutor.java:158)
	at io.appium.java_client.remote.AppiumCommandExecutor.execute(AppiumCommandExecutor.java:250)
	at org.openqa.selenium.remote.RemoteWebDriver.execute(RemoteWebDriver.java:552)
	at io.appium.java_client.DefaultGenericMobileDriver.execute(DefaultGenericMobileDriver.java:41)
	at io.appium.java_client.AppiumDriver.execute(AppiumDriver.java:1)
	at io.appium.java_client.android.AndroidDriver.execute(AndroidDriver.java:1)
	at org.openqa.selenium.remote.RemoteWebDriver.findElement(RemoteWebDriver.java:323)
	at io.appium.java_client.DefaultGenericMobileDriver.findElement(DefaultGenericMobileDriver.java:61)
	at io.appium.java_client.AppiumDriver.findElement(AppiumDriver.java:1)
	at io.appium.java_client.android.AndroidDriver.findElement(AndroidDriver.java:1)
	at org.openqa.selenium.remote.RemoteWebDriver.findElementById(RemoteWebDriver.java:372)
	at io.appium.java_client.DefaultGenericMobileDriver.findElementById(DefaultGenericMobileDriver.java:69)
	at io.appium.java_client.AppiumDriver.findElementById(AppiumDriver.java:1)
	at io.appium.java_client.android.AndroidDriver.findElementById(AndroidDriver.java:1)
	at org.openqa.selenium.By$ById.findElement(By.java:188)
	at org.openqa.selenium.remote.RemoteWebDriver.findElement(RemoteWebDriver.java:315)
	at io.appium.java_client.DefaultGenericMobileDriver.findElement(DefaultGenericMobileDriver.java:57)
	at io.appium.java_client.AppiumDriver.findElement(AppiumDriver.java:1)
	at io.appium.java_client.android.AndroidDriver.findElement(AndroidDriver.java:1)
	at org.openqa.selenium.support.pagefactory.DefaultElementLocator.findElement(DefaultElementLocator.java:69)
	at org.openqa.selenium.support.pagefactory.internal.LocatingElementHandler.invoke(LocatingElementHandler.java:38)
	at jdk.proxy2/jdk.proxy2.$Proxy12.getText(Unknown Source)
	at com.oneapp.page_actions.Login_Page_Action.validate_login(Login_Page_Action.java:93)
	at com.oneapp.test_suits.Myprofile_testcases.validate_myprofile_valid_details_testcase400(Myprofile_testcases.java:24)
	at java.base/java.util.ArrayList.forEach(ArrayList.java:1511)
... Removed 32 stack frames</pre></div><a href='#' onClick='toggleBox("stack-trace404588697", this, "Click to show all stack frames", "Click to hide stack frames")'>Click to show all stack frames</a>
<div class='stack-trace' id='stack-trace404588697'><pre>org.openqa.selenium.NoSuchElementException: An element could not be located on the page using the given search parameters.
For documentation on this error, please visit: https://www.seleniumhq.org/exceptions/no_such_element.html
Build info: version: &apos;3.141.59&apos;, revision: &apos;e82be7d358&apos;, time: &apos;2018-11-14T08:17:03&apos;
System info: host: &apos;DESKTOP-A2S9SMV&apos;, ip: &apos;192.168.0.104&apos;, os.name: &apos;Windows 10&apos;, os.arch: &apos;amd64&apos;, os.version: &apos;10.0&apos;, java.version: &apos;17.0.6&apos;
Driver info: io.appium.java_client.android.AndroidDriver
Capabilities {app: /opt/raid-data/data/userV2/..., appActivity: com.customerapp.hero.views...., appPackage: com.customerapp.hero, automationName: uiautomator2, build: Android latest APK - 9.0.5, databaseEnabled: false, desired: {app: /opt/raid-data/data/userV2/..., appActivity: com.customerapp.hero.views...., appPackage: com.customerapp.hero, automationName: uiautomator2, build: Android latest APK - 9.0.5, deviceName: 789, launchTimeout: 90000, name: Invalid login, newCommandTimeout: 600, pCloudy_ApiKey: 4mmqmhz7zcctk866c7r6294h, pCloudy_ApplicationName: app-debug.apk, pCloudy_DeviceFullName: SAMSUNG_GalaxyNote20_Androi..., pCloudy_DurationInMinutes: 10, pCloudy_EnableDeviceLogs: false, pCloudy_EnablePerformanceData: false, pCloudy_EnableVideo: false, pCloudy_Username: mobileapp7.support@heromoto..., pCloudy_WildNet: false, platformName: android, platformVersion: 12.0.0, project: Hero app, systemPort: 30064, tag: newtag}, deviceApiLevel: 31, deviceManufacturer: samsung, deviceModel: SM-N980F, deviceName: RZ8N81KBQCP, deviceScreenDensity: 450, deviceScreenSize: 1080x2400, deviceUDID: RZ8N81KBQCP, javascriptEnabled: true, launchTimeout: 90000, locationContextEnabled: false, name: Invalid login, networkConnectionEnabled: true, newCommandTimeout: 600, pCloudy_ApiKey: 4mmqmhz7zcctk866c7r6294h, pCloudy_ApplicationName: app-debug.apk, pCloudy_DeviceFullName: SAMSUNG_GalaxyNote20_Androi..., pCloudy_DurationInMinutes: 10, pCloudy_EnableDeviceLogs: false, pCloudy_EnablePerformanceData: false, pCloudy_EnableVideo: false, pCloudy_Username: mobileapp7.support@heromoto..., pCloudy_WildNet: false, pixelRatio: 2.8125, platform: LINUX, platformName: Android, platformVersion: 12, project: Hero app, statBarHeight: 92, systemPort: 30064, tag: newtag, takesScreenshot: true, viewportRect: {height: 2081, left: 0, top: 92, width: 1080}, warnings: {}, webStorageEnabled: false}
Session ID: bc875a8d-9403-40f9-81d6-caed4436e295
*** Element info: {Using=id, value=com.customerapp.hero:id/lbl1}
	at java.base/jdk.internal.reflect.NativeConstructorAccessorImpl.newInstance0(Native Method)
	at java.base/jdk.internal.reflect.NativeConstructorAccessorImpl.newInstance(NativeConstructorAccessorImpl.java:77)
	at java.base/jdk.internal.reflect.DelegatingConstructorAccessorImpl.newInstance(DelegatingConstructorAccessorImpl.java:45)
	at java.base/java.lang.reflect.Constructor.newInstanceWithCaller(Constructor.java:499)
	at java.base/java.lang.reflect.Constructor.newInstance(Constructor.java:480)
	at org.openqa.selenium.remote.http.W3CHttpResponseCodec.createException(W3CHttpResponseCodec.java:187)
	at org.openqa.selenium.remote.http.W3CHttpResponseCodec.decode(W3CHttpResponseCodec.java:122)
	at org.openqa.selenium.remote.http.W3CHttpResponseCodec.decode(W3CHttpResponseCodec.java:49)
	at org.openqa.selenium.remote.HttpCommandExecutor.execute(HttpCommandExecutor.java:158)
	at io.appium.java_client.remote.AppiumCommandExecutor.execute(AppiumCommandExecutor.java:250)
	at org.openqa.selenium.remote.RemoteWebDriver.execute(RemoteWebDriver.java:552)
	at io.appium.java_client.DefaultGenericMobileDriver.execute(DefaultGenericMobileDriver.java:41)
	at io.appium.java_client.AppiumDriver.execute(AppiumDriver.java:1)
	at io.appium.java_client.android.AndroidDriver.execute(AndroidDriver.java:1)
	at org.openqa.selenium.remote.RemoteWebDriver.findElement(RemoteWebDriver.java:323)
	at io.appium.java_client.DefaultGenericMobileDriver.findElement(DefaultGenericMobileDriver.java:61)
	at io.appium.java_client.AppiumDriver.findElement(AppiumDriver.java:1)
	at io.appium.java_client.android.AndroidDriver.findElement(AndroidDriver.java:1)
	at org.openqa.selenium.remote.RemoteWebDriver.findElementById(RemoteWebDriver.java:372)
	at io.appium.java_client.DefaultGenericMobileDriver.findElementById(DefaultGenericMobileDriver.java:69)
	at io.appium.java_client.AppiumDriver.findElementById(AppiumDriver.java:1)
	at io.appium.java_client.android.AndroidDriver.findElementById(AndroidDriver.java:1)
	at org.openqa.selenium.By$ById.findElement(By.java:188)
	at org.openqa.selenium.remote.RemoteWebDriver.findElement(RemoteWebDriver.java:315)
	at io.appium.java_client.DefaultGenericMobileDriver.findElement(DefaultGenericMobileDriver.java:57)
	at io.appium.java_client.AppiumDriver.findElement(AppiumDriver.java:1)
	at io.appium.java_client.android.AndroidDriver.findElement(AndroidDriver.java:1)
	at org.openqa.selenium.support.pagefactory.DefaultElementLocator.findElement(DefaultElementLocator.java:69)
	at org.openqa.selenium.support.pagefactory.internal.LocatingElementHandler.invoke(LocatingElementHandler.java:38)
	at jdk.proxy2/jdk.proxy2.$Proxy12.getText(Unknown Source)
	at com.oneapp.page_actions.Login_Page_Action.validate_login(Login_Page_Action.java:93)
	at com.oneapp.test_suits.Myprofile_testcases.validate_myprofile_valid_details_testcase400(Myprofile_testcases.java:24)
	at java.base/jdk.internal.reflect.NativeMethodAccessorImpl.invoke0(Native Method)
	at java.base/jdk.internal.reflect.NativeMethodAccessorImpl.invoke(NativeMethodAccessorImpl.java:77)
	at java.base/jdk.internal.reflect.DelegatingMethodAccessorImpl.invoke(DelegatingMethodAccessorImpl.java:43)
	at java.base/java.lang.reflect.Method.invoke(Method.java:568)
	at org.testng.internal.MethodInvocationHelper.invokeMethod(MethodInvocationHelper.java:133)
	at org.testng.internal.TestInvoker.invokeMethod(TestInvoker.java:598)
	at org.testng.internal.TestInvoker.invokeTestMethod(TestInvoker.java:173)
	at org.testng.internal.MethodRunner.runInSequence(MethodRunner.java:46)
	at org.testng.internal.TestInvoker$MethodInvocationAgent.invoke(TestInvoker.java:824)
	at org.testng.internal.TestInvoker.invokeTestMethods(TestInvoker.java:146)
	at org.testng.internal.TestMethodWorker.invokeTestMethods(TestMethodWorker.java:146)
	at org.testng.internal.TestMethodWorker.run(TestMethodWorker.java:128)
	at java.base/java.util.ArrayList.forEach(ArrayList.java:1511)
	at org.testng.TestRunner.privateRun(TestRunner.java:794)
	at org.testng.TestRunner.run(TestRunner.java:596)
	at org.testng.SuiteRunner.runTest(SuiteRunner.java:377)
	at org.testng.SuiteRunner.runSequentially(SuiteRunner.java:371)
	at org.testng.SuiteRunner.privateRun(SuiteRunner.java:332)
	at org.testng.SuiteRunner.run(SuiteRunner.java:276)
	at org.testng.SuiteRunnerWorker.runSuite(SuiteRunnerWorker.java:53)
	at org.testng.SuiteRunnerWorker.run(SuiteRunnerWorker.java:96)
	at org.testng.TestNG.runSuitesSequentially(TestNG.java:1212)
	at org.testng.TestNG.runSuitesLocally(TestNG.java:1134)
	at org.testng.TestNG.runSuites(TestNG.java:1063)
	at org.testng.TestNG.run(TestNG.java:1031)
	at org.testng.remote.AbstractRemoteTestNG.run(AbstractRemoteTestNG.java:115)
	at org.testng.remote.RemoteTestNG.initAndRun(RemoteTestNG.java:251)
	at org.testng.remote.RemoteTestNG.main(RemoteTestNG.java:77)
</pre></div></td>
<td>0</td>
<td>com.oneapp.test_suits.Myprofile_testcases@6ea2bc93</td></tr>
<tr>
<td title='com.oneapp.test_suits.ManageLicense_testcases.validation_manage_licence_testcase()'><b>validation_manage_licence_testcase</b><br>Test class: com.oneapp.test_suits.ManageLicense_testcases</td>
<td><div><pre>org.openqa.selenium.NoSuchElementException: An element could not be located on the page using the given search parameters.
For documentation on this error, please visit: https://www.seleniumhq.org/exceptions/no_such_element.html
Build info: version: &apos;3.141.59&apos;, revision: &apos;e82be7d358&apos;, time: &apos;2018-11-14T08:17:03&apos;
System info: host: &apos;DESKTOP-A2S9SMV&apos;, ip: &apos;192.168.0.104&apos;, os.name: &apos;Windows 10&apos;, os.arch: &apos;amd64&apos;, os.version: &apos;10.0&apos;, java.version: &apos;17.0.6&apos;
Driver info: io.appium.java_client.android.AndroidDriver
Capabilities {app: /opt/raid-data/data/userV2/..., appActivity: com.customerapp.hero.views...., appPackage: com.customerapp.hero, automationName: uiautomator2, build: Android latest APK - 9.0.5, databaseEnabled: false, desired: {app: /opt/raid-data/data/userV2/..., appActivity: com.customerapp.hero.views...., appPackage: com.customerapp.hero, automationName: uiautomator2, build: Android latest APK - 9.0.5, deviceName: 789, launchTimeout: 90000, name: Invalid login, newCommandTimeout: 600, pCloudy_ApiKey: 4mmqmhz7zcctk866c7r6294h, pCloudy_ApplicationName: app-debug.apk, pCloudy_DeviceFullName: SAMSUNG_GalaxyNote20_Androi..., pCloudy_DurationInMinutes: 10, pCloudy_EnableDeviceLogs: false, pCloudy_EnablePerformanceData: false, pCloudy_EnableVideo: false, pCloudy_Username: mobileapp7.support@heromoto..., pCloudy_WildNet: false, platformName: android, platformVersion: 12.0.0, project: Hero app, systemPort: 30064, tag: newtag}, deviceApiLevel: 31, deviceManufacturer: samsung, deviceModel: SM-N980F, deviceName: RZ8N81KBQCP, deviceScreenDensity: 450, deviceScreenSize: 1080x2400, deviceUDID: RZ8N81KBQCP, javascriptEnabled: true, launchTimeout: 90000, locationContextEnabled: false, name: Invalid login, networkConnectionEnabled: true, newCommandTimeout: 600, pCloudy_ApiKey: 4mmqmhz7zcctk866c7r6294h, pCloudy_ApplicationName: app-debug.apk, pCloudy_DeviceFullName: SAMSUNG_GalaxyNote20_Androi..., pCloudy_DurationInMinutes: 10, pCloudy_EnableDeviceLogs: false, pCloudy_EnablePerformanceData: false, pCloudy_EnableVideo: false, pCloudy_Username: mobileapp7.support@heromoto..., pCloudy_WildNet: false, pixelRatio: 2.8125, platform: LINUX, platformName: Android, platformVersion: 12, project: Hero app, statBarHeight: 92, systemPort: 30064, tag: newtag, takesScreenshot: true, viewportRect: {height: 2081, left: 0, top: 92, width: 1080}, warnings: {}, webStorageEnabled: false}
Session ID: bc875a8d-9403-40f9-81d6-caed4436e295
*** Element info: {Using=id, value=com.customerapp.hero:id/manage_license}
	at org.openqa.selenium.remote.http.W3CHttpResponseCodec.createException(W3CHttpResponseCodec.java:187)
	at org.openqa.selenium.remote.http.W3CHttpResponseCodec.decode(W3CHttpResponseCodec.java:122)
	at org.openqa.selenium.remote.http.W3CHttpResponseCodec.decode(W3CHttpResponseCodec.java:49)
	at org.openqa.selenium.remote.HttpCommandExecutor.execute(HttpCommandExecutor.java:158)
	at io.appium.java_client.remote.AppiumCommandExecutor.execute(AppiumCommandExecutor.java:250)
	at org.openqa.selenium.remote.RemoteWebDriver.execute(RemoteWebDriver.java:552)
	at io.appium.java_client.DefaultGenericMobileDriver.execute(DefaultGenericMobileDriver.java:41)
	at io.appium.java_client.AppiumDriver.execute(AppiumDriver.java:1)
	at io.appium.java_client.android.AndroidDriver.execute(AndroidDriver.java:1)
	at org.openqa.selenium.remote.RemoteWebDriver.findElement(RemoteWebDriver.java:323)
	at io.appium.java_client.DefaultGenericMobileDriver.findElement(DefaultGenericMobileDriver.java:61)
	at io.appium.java_client.AppiumDriver.findElement(AppiumDriver.java:1)
	at io.appium.java_client.android.AndroidDriver.findElement(AndroidDriver.java:1)
	at org.openqa.selenium.remote.RemoteWebDriver.findElementById(RemoteWebDriver.java:372)
	at io.appium.java_client.DefaultGenericMobileDriver.findElementById(DefaultGenericMobileDriver.java:69)
	at io.appium.java_client.AppiumDriver.findElementById(AppiumDriver.java:1)
	at io.appium.java_client.android.AndroidDriver.findElementById(AndroidDriver.java:1)
	at org.openqa.selenium.By$ById.findElement(By.java:188)
	at org.openqa.selenium.remote.RemoteWebDriver.findElement(RemoteWebDriver.java:315)
	at io.appium.java_client.DefaultGenericMobileDriver.findElement(DefaultGenericMobileDriver.java:57)
	at io.appium.java_client.AppiumDriver.findElement(AppiumDriver.java:1)
	at io.appium.java_client.android.AndroidDriver.findElement(AndroidDriver.java:1)
	at org.openqa.selenium.support.pagefactory.DefaultElementLocator.findElement(DefaultElementLocator.java:69)
	at org.openqa.selenium.support.pagefactory.internal.LocatingElementHandler.invoke(LocatingElementHandler.java:38)
	at jdk.proxy2/jdk.proxy2.$Proxy12.click(Unknown Source)
	at com.oneapp.page_actions.Myprofile_Page_Actions.click_manage_licence(Myprofile_Page_Actions.java:70)
	at com.oneapp.test_suits.ManageLicense_testcases.validation_manage_licence_testcase(ManageLicense_testcases.java:21)
	at java.base/java.util.ArrayList.forEach(ArrayList.java:1511)
... Removed 32 stack frames</pre></div><a href='#' onClick='toggleBox("stack-trace185939155", this, "Click to show all stack frames", "Click to hide stack frames")'>Click to show all stack frames</a>
<div class='stack-trace' id='stack-trace185939155'><pre>org.openqa.selenium.NoSuchElementException: An element could not be located on the page using the given search parameters.
For documentation on this error, please visit: https://www.seleniumhq.org/exceptions/no_such_element.html
Build info: version: &apos;3.141.59&apos;, revision: &apos;e82be7d358&apos;, time: &apos;2018-11-14T08:17:03&apos;
System info: host: &apos;DESKTOP-A2S9SMV&apos;, ip: &apos;192.168.0.104&apos;, os.name: &apos;Windows 10&apos;, os.arch: &apos;amd64&apos;, os.version: &apos;10.0&apos;, java.version: &apos;17.0.6&apos;
Driver info: io.appium.java_client.android.AndroidDriver
Capabilities {app: /opt/raid-data/data/userV2/..., appActivity: com.customerapp.hero.views...., appPackage: com.customerapp.hero, automationName: uiautomator2, build: Android latest APK - 9.0.5, databaseEnabled: false, desired: {app: /opt/raid-data/data/userV2/..., appActivity: com.customerapp.hero.views...., appPackage: com.customerapp.hero, automationName: uiautomator2, build: Android latest APK - 9.0.5, deviceName: 789, launchTimeout: 90000, name: Invalid login, newCommandTimeout: 600, pCloudy_ApiKey: 4mmqmhz7zcctk866c7r6294h, pCloudy_ApplicationName: app-debug.apk, pCloudy_DeviceFullName: SAMSUNG_GalaxyNote20_Androi..., pCloudy_DurationInMinutes: 10, pCloudy_EnableDeviceLogs: false, pCloudy_EnablePerformanceData: false, pCloudy_EnableVideo: false, pCloudy_Username: mobileapp7.support@heromoto..., pCloudy_WildNet: false, platformName: android, platformVersion: 12.0.0, project: Hero app, systemPort: 30064, tag: newtag}, deviceApiLevel: 31, deviceManufacturer: samsung, deviceModel: SM-N980F, deviceName: RZ8N81KBQCP, deviceScreenDensity: 450, deviceScreenSize: 1080x2400, deviceUDID: RZ8N81KBQCP, javascriptEnabled: true, launchTimeout: 90000, locationContextEnabled: false, name: Invalid login, networkConnectionEnabled: true, newCommandTimeout: 600, pCloudy_ApiKey: 4mmqmhz7zcctk866c7r6294h, pCloudy_ApplicationName: app-debug.apk, pCloudy_DeviceFullName: SAMSUNG_GalaxyNote20_Androi..., pCloudy_DurationInMinutes: 10, pCloudy_EnableDeviceLogs: false, pCloudy_EnablePerformanceData: false, pCloudy_EnableVideo: false, pCloudy_Username: mobileapp7.support@heromoto..., pCloudy_WildNet: false, pixelRatio: 2.8125, platform: LINUX, platformName: Android, platformVersion: 12, project: Hero app, statBarHeight: 92, systemPort: 30064, tag: newtag, takesScreenshot: true, viewportRect: {height: 2081, left: 0, top: 92, width: 1080}, warnings: {}, webStorageEnabled: false}
Session ID: bc875a8d-9403-40f9-81d6-caed4436e295
*** Element info: {Using=id, value=com.customerapp.hero:id/manage_license}
	at java.base/jdk.internal.reflect.NativeConstructorAccessorImpl.newInstance0(Native Method)
	at java.base/jdk.internal.reflect.NativeConstructorAccessorImpl.newInstance(NativeConstructorAccessorImpl.java:77)
	at java.base/jdk.internal.reflect.DelegatingConstructorAccessorImpl.newInstance(DelegatingConstructorAccessorImpl.java:45)
	at java.base/java.lang.reflect.Constructor.newInstanceWithCaller(Constructor.java:499)
	at java.base/java.lang.reflect.Constructor.newInstance(Constructor.java:480)
	at org.openqa.selenium.remote.http.W3CHttpResponseCodec.createException(W3CHttpResponseCodec.java:187)
	at org.openqa.selenium.remote.http.W3CHttpResponseCodec.decode(W3CHttpResponseCodec.java:122)
	at org.openqa.selenium.remote.http.W3CHttpResponseCodec.decode(W3CHttpResponseCodec.java:49)
	at org.openqa.selenium.remote.HttpCommandExecutor.execute(HttpCommandExecutor.java:158)
	at io.appium.java_client.remote.AppiumCommandExecutor.execute(AppiumCommandExecutor.java:250)
	at org.openqa.selenium.remote.RemoteWebDriver.execute(RemoteWebDriver.java:552)
	at io.appium.java_client.DefaultGenericMobileDriver.execute(DefaultGenericMobileDriver.java:41)
	at io.appium.java_client.AppiumDriver.execute(AppiumDriver.java:1)
	at io.appium.java_client.android.AndroidDriver.execute(AndroidDriver.java:1)
	at org.openqa.selenium.remote.RemoteWebDriver.findElement(RemoteWebDriver.java:323)
	at io.appium.java_client.DefaultGenericMobileDriver.findElement(DefaultGenericMobileDriver.java:61)
	at io.appium.java_client.AppiumDriver.findElement(AppiumDriver.java:1)
	at io.appium.java_client.android.AndroidDriver.findElement(AndroidDriver.java:1)
	at org.openqa.selenium.remote.RemoteWebDriver.findElementById(RemoteWebDriver.java:372)
	at io.appium.java_client.DefaultGenericMobileDriver.findElementById(DefaultGenericMobileDriver.java:69)
	at io.appium.java_client.AppiumDriver.findElementById(AppiumDriver.java:1)
	at io.appium.java_client.android.AndroidDriver.findElementById(AndroidDriver.java:1)
	at org.openqa.selenium.By$ById.findElement(By.java:188)
	at org.openqa.selenium.remote.RemoteWebDriver.findElement(RemoteWebDriver.java:315)
	at io.appium.java_client.DefaultGenericMobileDriver.findElement(DefaultGenericMobileDriver.java:57)
	at io.appium.java_client.AppiumDriver.findElement(AppiumDriver.java:1)
	at io.appium.java_client.android.AndroidDriver.findElement(AndroidDriver.java:1)
	at org.openqa.selenium.support.pagefactory.DefaultElementLocator.findElement(DefaultElementLocator.java:69)
	at org.openqa.selenium.support.pagefactory.internal.LocatingElementHandler.invoke(LocatingElementHandler.java:38)
	at jdk.proxy2/jdk.proxy2.$Proxy12.click(Unknown Source)
	at com.oneapp.page_actions.Myprofile_Page_Actions.click_manage_licence(Myprofile_Page_Actions.java:70)
	at com.oneapp.test_suits.ManageLicense_testcases.validation_manage_licence_testcase(ManageLicense_testcases.java:21)
	at java.base/jdk.internal.reflect.NativeMethodAccessorImpl.invoke0(Native Method)
	at java.base/jdk.internal.reflect.NativeMethodAccessorImpl.invoke(NativeMethodAccessorImpl.java:77)
	at java.base/jdk.internal.reflect.DelegatingMethodAccessorImpl.invoke(DelegatingMethodAccessorImpl.java:43)
	at java.base/java.lang.reflect.Method.invoke(Method.java:568)
	at org.testng.internal.MethodInvocationHelper.invokeMethod(MethodInvocationHelper.java:133)
	at org.testng.internal.TestInvoker.invokeMethod(TestInvoker.java:598)
	at org.testng.internal.TestInvoker.invokeTestMethod(TestInvoker.java:173)
	at org.testng.internal.MethodRunner.runInSequence(MethodRunner.java:46)
	at org.testng.internal.TestInvoker$MethodInvocationAgent.invoke(TestInvoker.java:824)
	at org.testng.internal.TestInvoker.invokeTestMethods(TestInvoker.java:146)
	at org.testng.internal.TestMethodWorker.invokeTestMethods(TestMethodWorker.java:146)
	at org.testng.internal.TestMethodWorker.run(TestMethodWorker.java:128)
	at java.base/java.util.ArrayList.forEach(ArrayList.java:1511)
	at org.testng.TestRunner.privateRun(TestRunner.java:794)
	at org.testng.TestRunner.run(TestRunner.java:596)
	at org.testng.SuiteRunner.runTest(SuiteRunner.java:377)
	at org.testng.SuiteRunner.runSequentially(SuiteRunner.java:371)
	at org.testng.SuiteRunner.privateRun(SuiteRunner.java:332)
	at org.testng.SuiteRunner.run(SuiteRunner.java:276)
	at org.testng.SuiteRunnerWorker.runSuite(SuiteRunnerWorker.java:53)
	at org.testng.SuiteRunnerWorker.run(SuiteRunnerWorker.java:96)
	at org.testng.TestNG.runSuitesSequentially(TestNG.java:1212)
	at org.testng.TestNG.runSuitesLocally(TestNG.java:1134)
	at org.testng.TestNG.runSuites(TestNG.java:1063)
	at org.testng.TestNG.run(TestNG.java:1031)
	at org.testng.remote.AbstractRemoteTestNG.run(AbstractRemoteTestNG.java:115)
	at org.testng.remote.RemoteTestNG.initAndRun(RemoteTestNG.java:251)
	at org.testng.remote.RemoteTestNG.main(RemoteTestNG.java:77)
</pre></div></td>
<td>0</td>
<td>com.oneapp.test_suits.ManageLicense_testcases@f627d13</td></tr>
<tr>
<td title='com.oneapp.test_suits.SOS_testcases.validate_SOS_message_sending_testcase()'><b>validate_SOS_message_sending_testcase</b><br>Test class: com.oneapp.test_suits.SOS_testcases</td>
<td><div><pre>org.openqa.selenium.NoSuchElementException: An element could not be located on the page using the given search parameters.
For documentation on this error, please visit: https://www.seleniumhq.org/exceptions/no_such_element.html
Build info: version: &apos;3.141.59&apos;, revision: &apos;e82be7d358&apos;, time: &apos;2018-11-14T08:17:03&apos;
System info: host: &apos;DESKTOP-A2S9SMV&apos;, ip: &apos;192.168.0.104&apos;, os.name: &apos;Windows 10&apos;, os.arch: &apos;amd64&apos;, os.version: &apos;10.0&apos;, java.version: &apos;17.0.6&apos;
Driver info: io.appium.java_client.android.AndroidDriver
Capabilities {app: /opt/raid-data/data/userV2/..., appActivity: com.customerapp.hero.views...., appPackage: com.customerapp.hero, automationName: uiautomator2, build: Android latest APK - 9.0.5, databaseEnabled: false, desired: {app: /opt/raid-data/data/userV2/..., appActivity: com.customerapp.hero.views...., appPackage: com.customerapp.hero, automationName: uiautomator2, build: Android latest APK - 9.0.5, deviceName: 789, launchTimeout: 90000, name: Invalid login, newCommandTimeout: 600, pCloudy_ApiKey: 4mmqmhz7zcctk866c7r6294h, pCloudy_ApplicationName: app-debug.apk, pCloudy_DeviceFullName: SAMSUNG_GalaxyNote20_Androi..., pCloudy_DurationInMinutes: 10, pCloudy_EnableDeviceLogs: false, pCloudy_EnablePerformanceData: false, pCloudy_EnableVideo: false, pCloudy_Username: mobileapp7.support@heromoto..., pCloudy_WildNet: false, platformName: android, platformVersion: 12.0.0, project: Hero app, systemPort: 30064, tag: newtag}, deviceApiLevel: 31, deviceManufacturer: samsung, deviceModel: SM-N980F, deviceName: RZ8N81KBQCP, deviceScreenDensity: 450, deviceScreenSize: 1080x2400, deviceUDID: RZ8N81KBQCP, javascriptEnabled: true, launchTimeout: 90000, locationContextEnabled: false, name: Invalid login, networkConnectionEnabled: true, newCommandTimeout: 600, pCloudy_ApiKey: 4mmqmhz7zcctk866c7r6294h, pCloudy_ApplicationName: app-debug.apk, pCloudy_DeviceFullName: SAMSUNG_GalaxyNote20_Androi..., pCloudy_DurationInMinutes: 10, pCloudy_EnableDeviceLogs: false, pCloudy_EnablePerformanceData: false, pCloudy_EnableVideo: false, pCloudy_Username: mobileapp7.support@heromoto..., pCloudy_WildNet: false, pixelRatio: 2.8125, platform: LINUX, platformName: Android, platformVersion: 12, project: Hero app, statBarHeight: 92, systemPort: 30064, tag: newtag, takesScreenshot: true, viewportRect: {height: 2081, left: 0, top: 92, width: 1080}, warnings: {}, webStorageEnabled: false}
Session ID: bc875a8d-9403-40f9-81d6-caed4436e295
*** Element info: {Using=id, value=com.customerapp.hero:id/ic_sos}
	at org.openqa.selenium.remote.http.W3CHttpResponseCodec.createException(W3CHttpResponseCodec.java:187)
	at org.openqa.selenium.remote.http.W3CHttpResponseCodec.decode(W3CHttpResponseCodec.java:122)
	at org.openqa.selenium.remote.http.W3CHttpResponseCodec.decode(W3CHttpResponseCodec.java:49)
	at org.openqa.selenium.remote.HttpCommandExecutor.execute(HttpCommandExecutor.java:158)
	at io.appium.java_client.remote.AppiumCommandExecutor.execute(AppiumCommandExecutor.java:250)
	at org.openqa.selenium.remote.RemoteWebDriver.execute(RemoteWebDriver.java:552)
	at io.appium.java_client.DefaultGenericMobileDriver.execute(DefaultGenericMobileDriver.java:41)
	at io.appium.java_client.AppiumDriver.execute(AppiumDriver.java:1)
	at io.appium.java_client.android.AndroidDriver.execute(AndroidDriver.java:1)
	at org.openqa.selenium.remote.RemoteWebDriver.findElement(RemoteWebDriver.java:323)
	at io.appium.java_client.DefaultGenericMobileDriver.findElement(DefaultGenericMobileDriver.java:61)
	at io.appium.java_client.AppiumDriver.findElement(AppiumDriver.java:1)
	at io.appium.java_client.android.AndroidDriver.findElement(AndroidDriver.java:1)
	at org.openqa.selenium.remote.RemoteWebDriver.findElementById(RemoteWebDriver.java:372)
	at io.appium.java_client.DefaultGenericMobileDriver.findElementById(DefaultGenericMobileDriver.java:69)
	at io.appium.java_client.AppiumDriver.findElementById(AppiumDriver.java:1)
	at io.appium.java_client.android.AndroidDriver.findElementById(AndroidDriver.java:1)
	at org.openqa.selenium.By$ById.findElement(By.java:188)
	at org.openqa.selenium.remote.RemoteWebDriver.findElement(RemoteWebDriver.java:315)
	at io.appium.java_client.DefaultGenericMobileDriver.findElement(DefaultGenericMobileDriver.java:57)
	at io.appium.java_client.AppiumDriver.findElement(AppiumDriver.java:1)
	at io.appium.java_client.android.AndroidDriver.findElement(AndroidDriver.java:1)
	at org.openqa.selenium.support.pagefactory.DefaultElementLocator.findElement(DefaultElementLocator.java:69)
	at org.openqa.selenium.support.pagefactory.internal.LocatingElementHandler.invoke(LocatingElementHandler.java:38)
	at jdk.proxy2/jdk.proxy2.$Proxy12.click(Unknown Source)
	at com.oneapp.page_actions.SOS_page_actions.tapping_on_SOS_icon(SOS_page_actions.java:21)
	at com.oneapp.test_suits.SOS_testcases.validate_SOS_message_sending_testcase(SOS_testcases.java:21)
	at java.base/java.util.ArrayList.forEach(ArrayList.java:1511)
... Removed 32 stack frames</pre></div><a href='#' onClick='toggleBox("stack-trace1824327284", this, "Click to show all stack frames", "Click to hide stack frames")'>Click to show all stack frames</a>
<div class='stack-trace' id='stack-trace1824327284'><pre>org.openqa.selenium.NoSuchElementException: An element could not be located on the page using the given search parameters.
For documentation on this error, please visit: https://www.seleniumhq.org/exceptions/no_such_element.html
Build info: version: &apos;3.141.59&apos;, revision: &apos;e82be7d358&apos;, time: &apos;2018-11-14T08:17:03&apos;
System info: host: &apos;DESKTOP-A2S9SMV&apos;, ip: &apos;192.168.0.104&apos;, os.name: &apos;Windows 10&apos;, os.arch: &apos;amd64&apos;, os.version: &apos;10.0&apos;, java.version: &apos;17.0.6&apos;
Driver info: io.appium.java_client.android.AndroidDriver
Capabilities {app: /opt/raid-data/data/userV2/..., appActivity: com.customerapp.hero.views...., appPackage: com.customerapp.hero, automationName: uiautomator2, build: Android latest APK - 9.0.5, databaseEnabled: false, desired: {app: /opt/raid-data/data/userV2/..., appActivity: com.customerapp.hero.views...., appPackage: com.customerapp.hero, automationName: uiautomator2, build: Android latest APK - 9.0.5, deviceName: 789, launchTimeout: 90000, name: Invalid login, newCommandTimeout: 600, pCloudy_ApiKey: 4mmqmhz7zcctk866c7r6294h, pCloudy_ApplicationName: app-debug.apk, pCloudy_DeviceFullName: SAMSUNG_GalaxyNote20_Androi..., pCloudy_DurationInMinutes: 10, pCloudy_EnableDeviceLogs: false, pCloudy_EnablePerformanceData: false, pCloudy_EnableVideo: false, pCloudy_Username: mobileapp7.support@heromoto..., pCloudy_WildNet: false, platformName: android, platformVersion: 12.0.0, project: Hero app, systemPort: 30064, tag: newtag}, deviceApiLevel: 31, deviceManufacturer: samsung, deviceModel: SM-N980F, deviceName: RZ8N81KBQCP, deviceScreenDensity: 450, deviceScreenSize: 1080x2400, deviceUDID: RZ8N81KBQCP, javascriptEnabled: true, launchTimeout: 90000, locationContextEnabled: false, name: Invalid login, networkConnectionEnabled: true, newCommandTimeout: 600, pCloudy_ApiKey: 4mmqmhz7zcctk866c7r6294h, pCloudy_ApplicationName: app-debug.apk, pCloudy_DeviceFullName: SAMSUNG_GalaxyNote20_Androi..., pCloudy_DurationInMinutes: 10, pCloudy_EnableDeviceLogs: false, pCloudy_EnablePerformanceData: false, pCloudy_EnableVideo: false, pCloudy_Username: mobileapp7.support@heromoto..., pCloudy_WildNet: false, pixelRatio: 2.8125, platform: LINUX, platformName: Android, platformVersion: 12, project: Hero app, statBarHeight: 92, systemPort: 30064, tag: newtag, takesScreenshot: true, viewportRect: {height: 2081, left: 0, top: 92, width: 1080}, warnings: {}, webStorageEnabled: false}
Session ID: bc875a8d-9403-40f9-81d6-caed4436e295
*** Element info: {Using=id, value=com.customerapp.hero:id/ic_sos}
	at java.base/jdk.internal.reflect.NativeConstructorAccessorImpl.newInstance0(Native Method)
	at java.base/jdk.internal.reflect.NativeConstructorAccessorImpl.newInstance(NativeConstructorAccessorImpl.java:77)
	at java.base/jdk.internal.reflect.DelegatingConstructorAccessorImpl.newInstance(DelegatingConstructorAccessorImpl.java:45)
	at java.base/java.lang.reflect.Constructor.newInstanceWithCaller(Constructor.java:499)
	at java.base/java.lang.reflect.Constructor.newInstance(Constructor.java:480)
	at org.openqa.selenium.remote.http.W3CHttpResponseCodec.createException(W3CHttpResponseCodec.java:187)
	at org.openqa.selenium.remote.http.W3CHttpResponseCodec.decode(W3CHttpResponseCodec.java:122)
	at org.openqa.selenium.remote.http.W3CHttpResponseCodec.decode(W3CHttpResponseCodec.java:49)
	at org.openqa.selenium.remote.HttpCommandExecutor.execute(HttpCommandExecutor.java:158)
	at io.appium.java_client.remote.AppiumCommandExecutor.execute(AppiumCommandExecutor.java:250)
	at org.openqa.selenium.remote.RemoteWebDriver.execute(RemoteWebDriver.java:552)
	at io.appium.java_client.DefaultGenericMobileDriver.execute(DefaultGenericMobileDriver.java:41)
	at io.appium.java_client.AppiumDriver.execute(AppiumDriver.java:1)
	at io.appium.java_client.android.AndroidDriver.execute(AndroidDriver.java:1)
	at org.openqa.selenium.remote.RemoteWebDriver.findElement(RemoteWebDriver.java:323)
	at io.appium.java_client.DefaultGenericMobileDriver.findElement(DefaultGenericMobileDriver.java:61)
	at io.appium.java_client.AppiumDriver.findElement(AppiumDriver.java:1)
	at io.appium.java_client.android.AndroidDriver.findElement(AndroidDriver.java:1)
	at org.openqa.selenium.remote.RemoteWebDriver.findElementById(RemoteWebDriver.java:372)
	at io.appium.java_client.DefaultGenericMobileDriver.findElementById(DefaultGenericMobileDriver.java:69)
	at io.appium.java_client.AppiumDriver.findElementById(AppiumDriver.java:1)
	at io.appium.java_client.android.AndroidDriver.findElementById(AndroidDriver.java:1)
	at org.openqa.selenium.By$ById.findElement(By.java:188)
	at org.openqa.selenium.remote.RemoteWebDriver.findElement(RemoteWebDriver.java:315)
	at io.appium.java_client.DefaultGenericMobileDriver.findElement(DefaultGenericMobileDriver.java:57)
	at io.appium.java_client.AppiumDriver.findElement(AppiumDriver.java:1)
	at io.appium.java_client.android.AndroidDriver.findElement(AndroidDriver.java:1)
	at org.openqa.selenium.support.pagefactory.DefaultElementLocator.findElement(DefaultElementLocator.java:69)
	at org.openqa.selenium.support.pagefactory.internal.LocatingElementHandler.invoke(LocatingElementHandler.java:38)
	at jdk.proxy2/jdk.proxy2.$Proxy12.click(Unknown Source)
	at com.oneapp.page_actions.SOS_page_actions.tapping_on_SOS_icon(SOS_page_actions.java:21)
	at com.oneapp.test_suits.SOS_testcases.validate_SOS_message_sending_testcase(SOS_testcases.java:21)
	at java.base/jdk.internal.reflect.NativeMethodAccessorImpl.invoke0(Native Method)
	at java.base/jdk.internal.reflect.NativeMethodAccessorImpl.invoke(NativeMethodAccessorImpl.java:77)
	at java.base/jdk.internal.reflect.DelegatingMethodAccessorImpl.invoke(DelegatingMethodAccessorImpl.java:43)
	at java.base/java.lang.reflect.Method.invoke(Method.java:568)
	at org.testng.internal.MethodInvocationHelper.invokeMethod(MethodInvocationHelper.java:133)
	at org.testng.internal.TestInvoker.invokeMethod(TestInvoker.java:598)
	at org.testng.internal.TestInvoker.invokeTestMethod(TestInvoker.java:173)
	at org.testng.internal.MethodRunner.runInSequence(MethodRunner.java:46)
	at org.testng.internal.TestInvoker$MethodInvocationAgent.invoke(TestInvoker.java:824)
	at org.testng.internal.TestInvoker.invokeTestMethods(TestInvoker.java:146)
	at org.testng.internal.TestMethodWorker.invokeTestMethods(TestMethodWorker.java:146)
	at org.testng.internal.TestMethodWorker.run(TestMethodWorker.java:128)
	at java.base/java.util.ArrayList.forEach(ArrayList.java:1511)
	at org.testng.TestRunner.privateRun(TestRunner.java:794)
	at org.testng.TestRunner.run(TestRunner.java:596)
	at org.testng.SuiteRunner.runTest(SuiteRunner.java:377)
	at org.testng.SuiteRunner.runSequentially(SuiteRunner.java:371)
	at org.testng.SuiteRunner.privateRun(SuiteRunner.java:332)
	at org.testng.SuiteRunner.run(SuiteRunner.java:276)
	at org.testng.SuiteRunnerWorker.runSuite(SuiteRunnerWorker.java:53)
	at org.testng.SuiteRunnerWorker.run(SuiteRunnerWorker.java:96)
	at org.testng.TestNG.runSuitesSequentially(TestNG.java:1212)
	at org.testng.TestNG.runSuitesLocally(TestNG.java:1134)
	at org.testng.TestNG.runSuites(TestNG.java:1063)
	at org.testng.TestNG.run(TestNG.java:1031)
	at org.testng.remote.AbstractRemoteTestNG.run(AbstractRemoteTestNG.java:115)
	at org.testng.remote.RemoteTestNG.initAndRun(RemoteTestNG.java:251)
	at org.testng.remote.RemoteTestNG.main(RemoteTestNG.java:77)
</pre></div></td>
<td>0</td>
<td>com.oneapp.test_suits.SOS_testcases@4e928fbf</td></tr>
<tr>
<td title='com.oneapp.test_suits.OTP_testcases.validate_OTP_testcase()'><b>validate_OTP_testcase</b><br>Test class: com.oneapp.test_suits.OTP_testcases</td>
<td><div><pre>org.openqa.selenium.NoSuchElementException: An element could not be located on the page using the given search parameters.
For documentation on this error, please visit: https://www.seleniumhq.org/exceptions/no_such_element.html
Build info: version: &apos;3.141.59&apos;, revision: &apos;e82be7d358&apos;, time: &apos;2018-11-14T08:17:03&apos;
System info: host: &apos;DESKTOP-A2S9SMV&apos;, ip: &apos;192.168.0.104&apos;, os.name: &apos;Windows 10&apos;, os.arch: &apos;amd64&apos;, os.version: &apos;10.0&apos;, java.version: &apos;17.0.6&apos;
Driver info: io.appium.java_client.android.AndroidDriver
Capabilities {app: /opt/raid-data/data/userV2/..., appActivity: com.customerapp.hero.views...., appPackage: com.customerapp.hero, automationName: uiautomator2, build: Android latest APK - 9.0.5, databaseEnabled: false, desired: {app: /opt/raid-data/data/userV2/..., appActivity: com.customerapp.hero.views...., appPackage: com.customerapp.hero, automationName: uiautomator2, build: Android latest APK - 9.0.5, deviceName: 789, launchTimeout: 90000, name: Invalid login, newCommandTimeout: 600, pCloudy_ApiKey: 4mmqmhz7zcctk866c7r6294h, pCloudy_ApplicationName: app-debug.apk, pCloudy_DeviceFullName: SAMSUNG_GalaxyNote20_Androi..., pCloudy_DurationInMinutes: 10, pCloudy_EnableDeviceLogs: false, pCloudy_EnablePerformanceData: false, pCloudy_EnableVideo: false, pCloudy_Username: mobileapp7.support@heromoto..., pCloudy_WildNet: false, platformName: android, platformVersion: 12.0.0, project: Hero app, systemPort: 30064, tag: newtag}, deviceApiLevel: 31, deviceManufacturer: samsung, deviceModel: SM-N980F, deviceName: RZ8N81KBQCP, deviceScreenDensity: 450, deviceScreenSize: 1080x2400, deviceUDID: RZ8N81KBQCP, javascriptEnabled: true, launchTimeout: 90000, locationContextEnabled: false, name: Invalid login, networkConnectionEnabled: true, newCommandTimeout: 600, pCloudy_ApiKey: 4mmqmhz7zcctk866c7r6294h, pCloudy_ApplicationName: app-debug.apk, pCloudy_DeviceFullName: SAMSUNG_GalaxyNote20_Androi..., pCloudy_DurationInMinutes: 10, pCloudy_EnableDeviceLogs: false, pCloudy_EnablePerformanceData: false, pCloudy_EnableVideo: false, pCloudy_Username: mobileapp7.support@heromoto..., pCloudy_WildNet: false, pixelRatio: 2.8125, platform: LINUX, platformName: Android, platformVersion: 12, project: Hero app, statBarHeight: 92, systemPort: 30064, tag: newtag, takesScreenshot: true, viewportRect: {height: 2081, left: 0, top: 92, width: 1080}, warnings: {}, webStorageEnabled: false}
Session ID: bc875a8d-9403-40f9-81d6-caed4436e295
*** Element info: {Using=xpath, value=//*[@text=&apos;Goodlife nonmem&apos;]}
	at org.openqa.selenium.remote.http.W3CHttpResponseCodec.createException(W3CHttpResponseCodec.java:187)
	at org.openqa.selenium.remote.http.W3CHttpResponseCodec.decode(W3CHttpResponseCodec.java:122)
	at org.openqa.selenium.remote.http.W3CHttpResponseCodec.decode(W3CHttpResponseCodec.java:49)
	at org.openqa.selenium.remote.HttpCommandExecutor.execute(HttpCommandExecutor.java:158)
	at io.appium.java_client.remote.AppiumCommandExecutor.execute(AppiumCommandExecutor.java:250)
	at org.openqa.selenium.remote.RemoteWebDriver.execute(RemoteWebDriver.java:552)
	at io.appium.java_client.DefaultGenericMobileDriver.execute(DefaultGenericMobileDriver.java:41)
	at io.appium.java_client.AppiumDriver.execute(AppiumDriver.java:1)
	at io.appium.java_client.android.AndroidDriver.execute(AndroidDriver.java:1)
	at org.openqa.selenium.remote.RemoteWebDriver.findElement(RemoteWebDriver.java:323)
	at io.appium.java_client.DefaultGenericMobileDriver.findElement(DefaultGenericMobileDriver.java:61)
	at io.appium.java_client.AppiumDriver.findElement(AppiumDriver.java:1)
	at io.appium.java_client.android.AndroidDriver.findElement(AndroidDriver.java:1)
	at org.openqa.selenium.remote.RemoteWebDriver.findElementByXPath(RemoteWebDriver.java:428)
	at io.appium.java_client.DefaultGenericMobileDriver.findElementByXPath(DefaultGenericMobileDriver.java:151)
	at io.appium.java_client.AppiumDriver.findElementByXPath(AppiumDriver.java:1)
	at io.appium.java_client.android.AndroidDriver.findElementByXPath(AndroidDriver.java:1)
	at org.openqa.selenium.By$ByXPath.findElement(By.java:353)
	at org.openqa.selenium.remote.RemoteWebDriver.findElement(RemoteWebDriver.java:315)
	at io.appium.java_client.DefaultGenericMobileDriver.findElement(DefaultGenericMobileDriver.java:57)
	at io.appium.java_client.AppiumDriver.findElement(AppiumDriver.java:1)
	at io.appium.java_client.android.AndroidDriver.findElement(AndroidDriver.java:1)
	at org.openqa.selenium.support.pagefactory.DefaultElementLocator.findElement(DefaultElementLocator.java:69)
	at org.openqa.selenium.support.pagefactory.internal.LocatingElementHandler.invoke(LocatingElementHandler.java:38)
	at jdk.proxy2/jdk.proxy2.$Proxy12.getText(Unknown Source)
	at com.oneapp.page_actions.Selected_Vehicle_Page_Actions.Assertion_selected_vehicle_page(Selected_Vehicle_Page_Actions.java:33)
	at com.oneapp.test_suits.OTP_testcases.validate_OTP_testcase(OTP_testcases.java:30)
	at java.base/java.util.ArrayList.forEach(ArrayList.java:1511)
... Removed 32 stack frames</pre></div><a href='#' onClick='toggleBox("stack-trace1449360639", this, "Click to show all stack frames", "Click to hide stack frames")'>Click to show all stack frames</a>
<div class='stack-trace' id='stack-trace1449360639'><pre>org.openqa.selenium.NoSuchElementException: An element could not be located on the page using the given search parameters.
For documentation on this error, please visit: https://www.seleniumhq.org/exceptions/no_such_element.html
Build info: version: &apos;3.141.59&apos;, revision: &apos;e82be7d358&apos;, time: &apos;2018-11-14T08:17:03&apos;
System info: host: &apos;DESKTOP-A2S9SMV&apos;, ip: &apos;192.168.0.104&apos;, os.name: &apos;Windows 10&apos;, os.arch: &apos;amd64&apos;, os.version: &apos;10.0&apos;, java.version: &apos;17.0.6&apos;
Driver info: io.appium.java_client.android.AndroidDriver
Capabilities {app: /opt/raid-data/data/userV2/..., appActivity: com.customerapp.hero.views...., appPackage: com.customerapp.hero, automationName: uiautomator2, build: Android latest APK - 9.0.5, databaseEnabled: false, desired: {app: /opt/raid-data/data/userV2/..., appActivity: com.customerapp.hero.views...., appPackage: com.customerapp.hero, automationName: uiautomator2, build: Android latest APK - 9.0.5, deviceName: 789, launchTimeout: 90000, name: Invalid login, newCommandTimeout: 600, pCloudy_ApiKey: 4mmqmhz7zcctk866c7r6294h, pCloudy_ApplicationName: app-debug.apk, pCloudy_DeviceFullName: SAMSUNG_GalaxyNote20_Androi..., pCloudy_DurationInMinutes: 10, pCloudy_EnableDeviceLogs: false, pCloudy_EnablePerformanceData: false, pCloudy_EnableVideo: false, pCloudy_Username: mobileapp7.support@heromoto..., pCloudy_WildNet: false, platformName: android, platformVersion: 12.0.0, project: Hero app, systemPort: 30064, tag: newtag}, deviceApiLevel: 31, deviceManufacturer: samsung, deviceModel: SM-N980F, deviceName: RZ8N81KBQCP, deviceScreenDensity: 450, deviceScreenSize: 1080x2400, deviceUDID: RZ8N81KBQCP, javascriptEnabled: true, launchTimeout: 90000, locationContextEnabled: false, name: Invalid login, networkConnectionEnabled: true, newCommandTimeout: 600, pCloudy_ApiKey: 4mmqmhz7zcctk866c7r6294h, pCloudy_ApplicationName: app-debug.apk, pCloudy_DeviceFullName: SAMSUNG_GalaxyNote20_Androi..., pCloudy_DurationInMinutes: 10, pCloudy_EnableDeviceLogs: false, pCloudy_EnablePerformanceData: false, pCloudy_EnableVideo: false, pCloudy_Username: mobileapp7.support@heromoto..., pCloudy_WildNet: false, pixelRatio: 2.8125, platform: LINUX, platformName: Android, platformVersion: 12, project: Hero app, statBarHeight: 92, systemPort: 30064, tag: newtag, takesScreenshot: true, viewportRect: {height: 2081, left: 0, top: 92, width: 1080}, warnings: {}, webStorageEnabled: false}
Session ID: bc875a8d-9403-40f9-81d6-caed4436e295
*** Element info: {Using=xpath, value=//*[@text=&apos;Goodlife nonmem&apos;]}
	at java.base/jdk.internal.reflect.NativeConstructorAccessorImpl.newInstance0(Native Method)
	at java.base/jdk.internal.reflect.NativeConstructorAccessorImpl.newInstance(NativeConstructorAccessorImpl.java:77)
	at java.base/jdk.internal.reflect.DelegatingConstructorAccessorImpl.newInstance(DelegatingConstructorAccessorImpl.java:45)
	at java.base/java.lang.reflect.Constructor.newInstanceWithCaller(Constructor.java:499)
	at java.base/java.lang.reflect.Constructor.newInstance(Constructor.java:480)
	at org.openqa.selenium.remote.http.W3CHttpResponseCodec.createException(W3CHttpResponseCodec.java:187)
	at org.openqa.selenium.remote.http.W3CHttpResponseCodec.decode(W3CHttpResponseCodec.java:122)
	at org.openqa.selenium.remote.http.W3CHttpResponseCodec.decode(W3CHttpResponseCodec.java:49)
	at org.openqa.selenium.remote.HttpCommandExecutor.execute(HttpCommandExecutor.java:158)
	at io.appium.java_client.remote.AppiumCommandExecutor.execute(AppiumCommandExecutor.java:250)
	at org.openqa.selenium.remote.RemoteWebDriver.execute(RemoteWebDriver.java:552)
	at io.appium.java_client.DefaultGenericMobileDriver.execute(DefaultGenericMobileDriver.java:41)
	at io.appium.java_client.AppiumDriver.execute(AppiumDriver.java:1)
	at io.appium.java_client.android.AndroidDriver.execute(AndroidDriver.java:1)
	at org.openqa.selenium.remote.RemoteWebDriver.findElement(RemoteWebDriver.java:323)
	at io.appium.java_client.DefaultGenericMobileDriver.findElement(DefaultGenericMobileDriver.java:61)
	at io.appium.java_client.AppiumDriver.findElement(AppiumDriver.java:1)
	at io.appium.java_client.android.AndroidDriver.findElement(AndroidDriver.java:1)
	at org.openqa.selenium.remote.RemoteWebDriver.findElementByXPath(RemoteWebDriver.java:428)
	at io.appium.java_client.DefaultGenericMobileDriver.findElementByXPath(DefaultGenericMobileDriver.java:151)
	at io.appium.java_client.AppiumDriver.findElementByXPath(AppiumDriver.java:1)
	at io.appium.java_client.android.AndroidDriver.findElementByXPath(AndroidDriver.java:1)
	at org.openqa.selenium.By$ByXPath.findElement(By.java:353)
	at org.openqa.selenium.remote.RemoteWebDriver.findElement(RemoteWebDriver.java:315)
	at io.appium.java_client.DefaultGenericMobileDriver.findElement(DefaultGenericMobileDriver.java:57)
	at io.appium.java_client.AppiumDriver.findElement(AppiumDriver.java:1)
	at io.appium.java_client.android.AndroidDriver.findElement(AndroidDriver.java:1)
	at org.openqa.selenium.support.pagefactory.DefaultElementLocator.findElement(DefaultElementLocator.java:69)
	at org.openqa.selenium.support.pagefactory.internal.LocatingElementHandler.invoke(LocatingElementHandler.java:38)
	at jdk.proxy2/jdk.proxy2.$Proxy12.getText(Unknown Source)
	at com.oneapp.page_actions.Selected_Vehicle_Page_Actions.Assertion_selected_vehicle_page(Selected_Vehicle_Page_Actions.java:33)
	at com.oneapp.test_suits.OTP_testcases.validate_OTP_testcase(OTP_testcases.java:30)
	at java.base/jdk.internal.reflect.NativeMethodAccessorImpl.invoke0(Native Method)
	at java.base/jdk.internal.reflect.NativeMethodAccessorImpl.invoke(NativeMethodAccessorImpl.java:77)
	at java.base/jdk.internal.reflect.DelegatingMethodAccessorImpl.invoke(DelegatingMethodAccessorImpl.java:43)
	at java.base/java.lang.reflect.Method.invoke(Method.java:568)
	at org.testng.internal.MethodInvocationHelper.invokeMethod(MethodInvocationHelper.java:133)
	at org.testng.internal.TestInvoker.invokeMethod(TestInvoker.java:598)
	at org.testng.internal.TestInvoker.invokeTestMethod(TestInvoker.java:173)
	at org.testng.internal.MethodRunner.runInSequence(MethodRunner.java:46)
	at org.testng.internal.TestInvoker$MethodInvocationAgent.invoke(TestInvoker.java:824)
	at org.testng.internal.TestInvoker.invokeTestMethods(TestInvoker.java:146)
	at org.testng.internal.TestMethodWorker.invokeTestMethods(TestMethodWorker.java:146)
	at org.testng.internal.TestMethodWorker.run(TestMethodWorker.java:128)
	at java.base/java.util.ArrayList.forEach(ArrayList.java:1511)
	at org.testng.TestRunner.privateRun(TestRunner.java:794)
	at org.testng.TestRunner.run(TestRunner.java:596)
	at org.testng.SuiteRunner.runTest(SuiteRunner.java:377)
	at org.testng.SuiteRunner.runSequentially(SuiteRunner.java:371)
	at org.testng.SuiteRunner.privateRun(SuiteRunner.java:332)
	at org.testng.SuiteRunner.run(SuiteRunner.java:276)
	at org.testng.SuiteRunnerWorker.runSuite(SuiteRunnerWorker.java:53)
	at org.testng.SuiteRunnerWorker.run(SuiteRunnerWorker.java:96)
	at org.testng.TestNG.runSuitesSequentially(TestNG.java:1212)
	at org.testng.TestNG.runSuitesLocally(TestNG.java:1134)
	at org.testng.TestNG.runSuites(TestNG.java:1063)
	at org.testng.TestNG.run(TestNG.java:1031)
	at org.testng.remote.AbstractRemoteTestNG.run(AbstractRemoteTestNG.java:115)
	at org.testng.remote.RemoteTestNG.initAndRun(RemoteTestNG.java:251)
	at org.testng.remote.RemoteTestNG.main(RemoteTestNG.java:77)
</pre></div></td>
<td>29</td>
<td>com.oneapp.test_suits.OTP_testcases@4fa1c212</td></tr>
<tr>
<td title='com.oneapp.test_suits.EmergencyContact_testcases.validate_emergency_contact_added_succesfully_testcase()'><b>validate_emergency_contact_added_succesfully_testcase</b><br>Test class: com.oneapp.test_suits.EmergencyContact_testcases</td>
<td><div><pre>org.openqa.selenium.NoSuchElementException: An element could not be located on the page using the given search parameters.
For documentation on this error, please visit: https://www.seleniumhq.org/exceptions/no_such_element.html
Build info: version: &apos;3.141.59&apos;, revision: &apos;e82be7d358&apos;, time: &apos;2018-11-14T08:17:03&apos;
System info: host: &apos;DESKTOP-A2S9SMV&apos;, ip: &apos;192.168.0.104&apos;, os.name: &apos;Windows 10&apos;, os.arch: &apos;amd64&apos;, os.version: &apos;10.0&apos;, java.version: &apos;17.0.6&apos;
Driver info: io.appium.java_client.android.AndroidDriver
Capabilities {app: /opt/raid-data/data/userV2/..., appActivity: com.customerapp.hero.views...., appPackage: com.customerapp.hero, automationName: uiautomator2, build: Android latest APK - 9.0.5, databaseEnabled: false, desired: {app: /opt/raid-data/data/userV2/..., appActivity: com.customerapp.hero.views...., appPackage: com.customerapp.hero, automationName: uiautomator2, build: Android latest APK - 9.0.5, deviceName: 789, launchTimeout: 90000, name: Invalid login, newCommandTimeout: 600, pCloudy_ApiKey: 4mmqmhz7zcctk866c7r6294h, pCloudy_ApplicationName: app-debug.apk, pCloudy_DeviceFullName: SAMSUNG_GalaxyNote20_Androi..., pCloudy_DurationInMinutes: 10, pCloudy_EnableDeviceLogs: false, pCloudy_EnablePerformanceData: false, pCloudy_EnableVideo: false, pCloudy_Username: mobileapp7.support@heromoto..., pCloudy_WildNet: false, platformName: android, platformVersion: 12.0.0, project: Hero app, systemPort: 30064, tag: newtag}, deviceApiLevel: 31, deviceManufacturer: samsung, deviceModel: SM-N980F, deviceName: RZ8N81KBQCP, deviceScreenDensity: 450, deviceScreenSize: 1080x2400, deviceUDID: RZ8N81KBQCP, javascriptEnabled: true, launchTimeout: 90000, locationContextEnabled: false, name: Invalid login, networkConnectionEnabled: true, newCommandTimeout: 600, pCloudy_ApiKey: 4mmqmhz7zcctk866c7r6294h, pCloudy_ApplicationName: app-debug.apk, pCloudy_DeviceFullName: SAMSUNG_GalaxyNote20_Androi..., pCloudy_DurationInMinutes: 10, pCloudy_EnableDeviceLogs: false, pCloudy_EnablePerformanceData: false, pCloudy_EnableVideo: false, pCloudy_Username: mobileapp7.support@heromoto..., pCloudy_WildNet: false, pixelRatio: 2.8125, platform: LINUX, platformName: Android, platformVersion: 12, project: Hero app, statBarHeight: 92, systemPort: 30064, tag: newtag, takesScreenshot: true, viewportRect: {height: 2081, left: 0, top: 92, width: 1080}, warnings: {}, webStorageEnabled: false}
Session ID: bc875a8d-9403-40f9-81d6-caed4436e295
*** Element info: {Using=id, value=com.customerapp.hero:id/lbl1}
	at org.openqa.selenium.remote.http.W3CHttpResponseCodec.createException(W3CHttpResponseCodec.java:187)
	at org.openqa.selenium.remote.http.W3CHttpResponseCodec.decode(W3CHttpResponseCodec.java:122)
	at org.openqa.selenium.remote.http.W3CHttpResponseCodec.decode(W3CHttpResponseCodec.java:49)
	at org.openqa.selenium.remote.HttpCommandExecutor.execute(HttpCommandExecutor.java:158)
	at io.appium.java_client.remote.AppiumCommandExecutor.execute(AppiumCommandExecutor.java:250)
	at org.openqa.selenium.remote.RemoteWebDriver.execute(RemoteWebDriver.java:552)
	at io.appium.java_client.DefaultGenericMobileDriver.execute(DefaultGenericMobileDriver.java:41)
	at io.appium.java_client.AppiumDriver.execute(AppiumDriver.java:1)
	at io.appium.java_client.android.AndroidDriver.execute(AndroidDriver.java:1)
	at org.openqa.selenium.remote.RemoteWebDriver.findElement(RemoteWebDriver.java:323)
	at io.appium.java_client.DefaultGenericMobileDriver.findElement(DefaultGenericMobileDriver.java:61)
	at io.appium.java_client.AppiumDriver.findElement(AppiumDriver.java:1)
	at io.appium.java_client.android.AndroidDriver.findElement(AndroidDriver.java:1)
	at org.openqa.selenium.remote.RemoteWebDriver.findElementById(RemoteWebDriver.java:372)
	at io.appium.java_client.DefaultGenericMobileDriver.findElementById(DefaultGenericMobileDriver.java:69)
	at io.appium.java_client.AppiumDriver.findElementById(AppiumDriver.java:1)
	at io.appium.java_client.android.AndroidDriver.findElementById(AndroidDriver.java:1)
	at org.openqa.selenium.By$ById.findElement(By.java:188)
	at org.openqa.selenium.remote.RemoteWebDriver.findElement(RemoteWebDriver.java:315)
	at io.appium.java_client.DefaultGenericMobileDriver.findElement(DefaultGenericMobileDriver.java:57)
	at io.appium.java_client.AppiumDriver.findElement(AppiumDriver.java:1)
	at io.appium.java_client.android.AndroidDriver.findElement(AndroidDriver.java:1)
	at org.openqa.selenium.support.pagefactory.DefaultElementLocator.findElement(DefaultElementLocator.java:69)
	at org.openqa.selenium.support.pagefactory.internal.LocatingElementHandler.invoke(LocatingElementHandler.java:38)
	at jdk.proxy2/jdk.proxy2.$Proxy12.getText(Unknown Source)
	at com.oneapp.page_actions.Login_Page_Action.validate_login(Login_Page_Action.java:93)
	at com.oneapp.test_suits.EmergencyContact_testcases.validate_emergency_contact_added_succesfully_testcase(EmergencyContact_testcases.java:23)
	at java.base/java.util.ArrayList.forEach(ArrayList.java:1511)
... Removed 32 stack frames</pre></div><a href='#' onClick='toggleBox("stack-trace1733381085", this, "Click to show all stack frames", "Click to hide stack frames")'>Click to show all stack frames</a>
<div class='stack-trace' id='stack-trace1733381085'><pre>org.openqa.selenium.NoSuchElementException: An element could not be located on the page using the given search parameters.
For documentation on this error, please visit: https://www.seleniumhq.org/exceptions/no_such_element.html
Build info: version: &apos;3.141.59&apos;, revision: &apos;e82be7d358&apos;, time: &apos;2018-11-14T08:17:03&apos;
System info: host: &apos;DESKTOP-A2S9SMV&apos;, ip: &apos;192.168.0.104&apos;, os.name: &apos;Windows 10&apos;, os.arch: &apos;amd64&apos;, os.version: &apos;10.0&apos;, java.version: &apos;17.0.6&apos;
Driver info: io.appium.java_client.android.AndroidDriver
Capabilities {app: /opt/raid-data/data/userV2/..., appActivity: com.customerapp.hero.views...., appPackage: com.customerapp.hero, automationName: uiautomator2, build: Android latest APK - 9.0.5, databaseEnabled: false, desired: {app: /opt/raid-data/data/userV2/..., appActivity: com.customerapp.hero.views...., appPackage: com.customerapp.hero, automationName: uiautomator2, build: Android latest APK - 9.0.5, deviceName: 789, launchTimeout: 90000, name: Invalid login, newCommandTimeout: 600, pCloudy_ApiKey: 4mmqmhz7zcctk866c7r6294h, pCloudy_ApplicationName: app-debug.apk, pCloudy_DeviceFullName: SAMSUNG_GalaxyNote20_Androi..., pCloudy_DurationInMinutes: 10, pCloudy_EnableDeviceLogs: false, pCloudy_EnablePerformanceData: false, pCloudy_EnableVideo: false, pCloudy_Username: mobileapp7.support@heromoto..., pCloudy_WildNet: false, platformName: android, platformVersion: 12.0.0, project: Hero app, systemPort: 30064, tag: newtag}, deviceApiLevel: 31, deviceManufacturer: samsung, deviceModel: SM-N980F, deviceName: RZ8N81KBQCP, deviceScreenDensity: 450, deviceScreenSize: 1080x2400, deviceUDID: RZ8N81KBQCP, javascriptEnabled: true, launchTimeout: 90000, locationContextEnabled: false, name: Invalid login, networkConnectionEnabled: true, newCommandTimeout: 600, pCloudy_ApiKey: 4mmqmhz7zcctk866c7r6294h, pCloudy_ApplicationName: app-debug.apk, pCloudy_DeviceFullName: SAMSUNG_GalaxyNote20_Androi..., pCloudy_DurationInMinutes: 10, pCloudy_EnableDeviceLogs: false, pCloudy_EnablePerformanceData: false, pCloudy_EnableVideo: false, pCloudy_Username: mobileapp7.support@heromoto..., pCloudy_WildNet: false, pixelRatio: 2.8125, platform: LINUX, platformName: Android, platformVersion: 12, project: Hero app, statBarHeight: 92, systemPort: 30064, tag: newtag, takesScreenshot: true, viewportRect: {height: 2081, left: 0, top: 92, width: 1080}, warnings: {}, webStorageEnabled: false}
Session ID: bc875a8d-9403-40f9-81d6-caed4436e295
*** Element info: {Using=id, value=com.customerapp.hero:id/lbl1}
	at java.base/jdk.internal.reflect.NativeConstructorAccessorImpl.newInstance0(Native Method)
	at java.base/jdk.internal.reflect.NativeConstructorAccessorImpl.newInstance(NativeConstructorAccessorImpl.java:77)
	at java.base/jdk.internal.reflect.DelegatingConstructorAccessorImpl.newInstance(DelegatingConstructorAccessorImpl.java:45)
	at java.base/java.lang.reflect.Constructor.newInstanceWithCaller(Constructor.java:499)
	at java.base/java.lang.reflect.Constructor.newInstance(Constructor.java:480)
	at org.openqa.selenium.remote.http.W3CHttpResponseCodec.createException(W3CHttpResponseCodec.java:187)
	at org.openqa.selenium.remote.http.W3CHttpResponseCodec.decode(W3CHttpResponseCodec.java:122)
	at org.openqa.selenium.remote.http.W3CHttpResponseCodec.decode(W3CHttpResponseCodec.java:49)
	at org.openqa.selenium.remote.HttpCommandExecutor.execute(HttpCommandExecutor.java:158)
	at io.appium.java_client.remote.AppiumCommandExecutor.execute(AppiumCommandExecutor.java:250)
	at org.openqa.selenium.remote.RemoteWebDriver.execute(RemoteWebDriver.java:552)
	at io.appium.java_client.DefaultGenericMobileDriver.execute(DefaultGenericMobileDriver.java:41)
	at io.appium.java_client.AppiumDriver.execute(AppiumDriver.java:1)
	at io.appium.java_client.android.AndroidDriver.execute(AndroidDriver.java:1)
	at org.openqa.selenium.remote.RemoteWebDriver.findElement(RemoteWebDriver.java:323)
	at io.appium.java_client.DefaultGenericMobileDriver.findElement(DefaultGenericMobileDriver.java:61)
	at io.appium.java_client.AppiumDriver.findElement(AppiumDriver.java:1)
	at io.appium.java_client.android.AndroidDriver.findElement(AndroidDriver.java:1)
	at org.openqa.selenium.remote.RemoteWebDriver.findElementById(RemoteWebDriver.java:372)
	at io.appium.java_client.DefaultGenericMobileDriver.findElementById(DefaultGenericMobileDriver.java:69)
	at io.appium.java_client.AppiumDriver.findElementById(AppiumDriver.java:1)
	at io.appium.java_client.android.AndroidDriver.findElementById(AndroidDriver.java:1)
	at org.openqa.selenium.By$ById.findElement(By.java:188)
	at org.openqa.selenium.remote.RemoteWebDriver.findElement(RemoteWebDriver.java:315)
	at io.appium.java_client.DefaultGenericMobileDriver.findElement(DefaultGenericMobileDriver.java:57)
	at io.appium.java_client.AppiumDriver.findElement(AppiumDriver.java:1)
	at io.appium.java_client.android.AndroidDriver.findElement(AndroidDriver.java:1)
	at org.openqa.selenium.support.pagefactory.DefaultElementLocator.findElement(DefaultElementLocator.java:69)
	at org.openqa.selenium.support.pagefactory.internal.LocatingElementHandler.invoke(LocatingElementHandler.java:38)
	at jdk.proxy2/jdk.proxy2.$Proxy12.getText(Unknown Source)
	at com.oneapp.page_actions.Login_Page_Action.validate_login(Login_Page_Action.java:93)
	at com.oneapp.test_suits.EmergencyContact_testcases.validate_emergency_contact_added_succesfully_testcase(EmergencyContact_testcases.java:23)
	at java.base/jdk.internal.reflect.NativeMethodAccessorImpl.invoke0(Native Method)
	at java.base/jdk.internal.reflect.NativeMethodAccessorImpl.invoke(NativeMethodAccessorImpl.java:77)
	at java.base/jdk.internal.reflect.DelegatingMethodAccessorImpl.invoke(DelegatingMethodAccessorImpl.java:43)
	at java.base/java.lang.reflect.Method.invoke(Method.java:568)
	at org.testng.internal.MethodInvocationHelper.invokeMethod(MethodInvocationHelper.java:133)
	at org.testng.internal.TestInvoker.invokeMethod(TestInvoker.java:598)
	at org.testng.internal.TestInvoker.invokeTestMethod(TestInvoker.java:173)
	at org.testng.internal.MethodRunner.runInSequence(MethodRunner.java:46)
	at org.testng.internal.TestInvoker$MethodInvocationAgent.invoke(TestInvoker.java:824)
	at org.testng.internal.TestInvoker.invokeTestMethods(TestInvoker.java:146)
	at org.testng.internal.TestMethodWorker.invokeTestMethods(TestMethodWorker.java:146)
	at org.testng.internal.TestMethodWorker.run(TestMethodWorker.java:128)
	at java.base/java.util.ArrayList.forEach(ArrayList.java:1511)
	at org.testng.TestRunner.privateRun(TestRunner.java:794)
	at org.testng.TestRunner.run(TestRunner.java:596)
	at org.testng.SuiteRunner.runTest(SuiteRunner.java:377)
	at org.testng.SuiteRunner.runSequentially(SuiteRunner.java:371)
	at org.testng.SuiteRunner.privateRun(SuiteRunner.java:332)
	at org.testng.SuiteRunner.run(SuiteRunner.java:276)
	at org.testng.SuiteRunnerWorker.runSuite(SuiteRunnerWorker.java:53)
	at org.testng.SuiteRunnerWorker.run(SuiteRunnerWorker.java:96)
	at org.testng.TestNG.runSuitesSequentially(TestNG.java:1212)
	at org.testng.TestNG.runSuitesLocally(TestNG.java:1134)
	at org.testng.TestNG.runSuites(TestNG.java:1063)
	at org.testng.TestNG.run(TestNG.java:1031)
	at org.testng.remote.AbstractRemoteTestNG.run(AbstractRemoteTestNG.java:115)
	at org.testng.remote.RemoteTestNG.initAndRun(RemoteTestNG.java:251)
	at org.testng.remote.RemoteTestNG.main(RemoteTestNG.java:77)
</pre></div></td>
<td>0</td>
<td>com.oneapp.test_suits.EmergencyContact_testcases@3116c353</td></tr>
<tr>
<td title='com.oneapp.test_suits.EmergencyContact_testcases.validate_emergency_contact_deleted_succesfully_testcase()'><b>validate_emergency_contact_deleted_succesfully_testcase</b><br>Test class: com.oneapp.test_suits.EmergencyContact_testcases</td>
<td><div><pre>org.openqa.selenium.NoSuchElementException: An element could not be located on the page using the given search parameters.
For documentation on this error, please visit: https://www.seleniumhq.org/exceptions/no_such_element.html
Build info: version: &apos;3.141.59&apos;, revision: &apos;e82be7d358&apos;, time: &apos;2018-11-14T08:17:03&apos;
System info: host: &apos;DESKTOP-A2S9SMV&apos;, ip: &apos;192.168.0.104&apos;, os.name: &apos;Windows 10&apos;, os.arch: &apos;amd64&apos;, os.version: &apos;10.0&apos;, java.version: &apos;17.0.6&apos;
Driver info: io.appium.java_client.android.AndroidDriver
Capabilities {app: /opt/raid-data/data/userV2/..., appActivity: com.customerapp.hero.views...., appPackage: com.customerapp.hero, automationName: uiautomator2, build: Android latest APK - 9.0.5, databaseEnabled: false, desired: {app: /opt/raid-data/data/userV2/..., appActivity: com.customerapp.hero.views...., appPackage: com.customerapp.hero, automationName: uiautomator2, build: Android latest APK - 9.0.5, deviceName: 789, launchTimeout: 90000, name: Invalid login, newCommandTimeout: 600, pCloudy_ApiKey: 4mmqmhz7zcctk866c7r6294h, pCloudy_ApplicationName: app-debug.apk, pCloudy_DeviceFullName: SAMSUNG_GalaxyNote20_Androi..., pCloudy_DurationInMinutes: 10, pCloudy_EnableDeviceLogs: false, pCloudy_EnablePerformanceData: false, pCloudy_EnableVideo: false, pCloudy_Username: mobileapp7.support@heromoto..., pCloudy_WildNet: false, platformName: android, platformVersion: 12.0.0, project: Hero app, systemPort: 30064, tag: newtag}, deviceApiLevel: 31, deviceManufacturer: samsung, deviceModel: SM-N980F, deviceName: RZ8N81KBQCP, deviceScreenDensity: 450, deviceScreenSize: 1080x2400, deviceUDID: RZ8N81KBQCP, javascriptEnabled: true, launchTimeout: 90000, locationContextEnabled: false, name: Invalid login, networkConnectionEnabled: true, newCommandTimeout: 600, pCloudy_ApiKey: 4mmqmhz7zcctk866c7r6294h, pCloudy_ApplicationName: app-debug.apk, pCloudy_DeviceFullName: SAMSUNG_GalaxyNote20_Androi..., pCloudy_DurationInMinutes: 10, pCloudy_EnableDeviceLogs: false, pCloudy_EnablePerformanceData: false, pCloudy_EnableVideo: false, pCloudy_Username: mobileapp7.support@heromoto..., pCloudy_WildNet: false, pixelRatio: 2.8125, platform: LINUX, platformName: Android, platformVersion: 12, project: Hero app, statBarHeight: 92, systemPort: 30064, tag: newtag, takesScreenshot: true, viewportRect: {height: 2081, left: 0, top: 92, width: 1080}, warnings: {}, webStorageEnabled: false}
Session ID: bc875a8d-9403-40f9-81d6-caed4436e295
*** Element info: {Using=id, value=com.customerapp.hero:id/ivAction}
	at org.openqa.selenium.remote.http.W3CHttpResponseCodec.createException(W3CHttpResponseCodec.java:187)
	at org.openqa.selenium.remote.http.W3CHttpResponseCodec.decode(W3CHttpResponseCodec.java:122)
	at org.openqa.selenium.remote.http.W3CHttpResponseCodec.decode(W3CHttpResponseCodec.java:49)
	at org.openqa.selenium.remote.HttpCommandExecutor.execute(HttpCommandExecutor.java:158)
	at io.appium.java_client.remote.AppiumCommandExecutor.execute(AppiumCommandExecutor.java:250)
	at org.openqa.selenium.remote.RemoteWebDriver.execute(RemoteWebDriver.java:552)
	at io.appium.java_client.DefaultGenericMobileDriver.execute(DefaultGenericMobileDriver.java:41)
	at io.appium.java_client.AppiumDriver.execute(AppiumDriver.java:1)
	at io.appium.java_client.android.AndroidDriver.execute(AndroidDriver.java:1)
	at org.openqa.selenium.remote.RemoteWebDriver.findElement(RemoteWebDriver.java:323)
	at io.appium.java_client.DefaultGenericMobileDriver.findElement(DefaultGenericMobileDriver.java:61)
	at io.appium.java_client.AppiumDriver.findElement(AppiumDriver.java:1)
	at io.appium.java_client.android.AndroidDriver.findElement(AndroidDriver.java:1)
	at org.openqa.selenium.remote.RemoteWebDriver.findElementById(RemoteWebDriver.java:372)
	at io.appium.java_client.DefaultGenericMobileDriver.findElementById(DefaultGenericMobileDriver.java:69)
	at io.appium.java_client.AppiumDriver.findElementById(AppiumDriver.java:1)
	at io.appium.java_client.android.AndroidDriver.findElementById(AndroidDriver.java:1)
	at org.openqa.selenium.By$ById.findElement(By.java:188)
	at org.openqa.selenium.remote.RemoteWebDriver.findElement(RemoteWebDriver.java:315)
	at io.appium.java_client.DefaultGenericMobileDriver.findElement(DefaultGenericMobileDriver.java:57)
	at io.appium.java_client.AppiumDriver.findElement(AppiumDriver.java:1)
	at io.appium.java_client.android.AndroidDriver.findElement(AndroidDriver.java:1)
	at org.openqa.selenium.support.pagefactory.DefaultElementLocator.findElement(DefaultElementLocator.java:69)
	at org.openqa.selenium.support.pagefactory.internal.LocatingElementHandler.invoke(LocatingElementHandler.java:38)
	at jdk.proxy2/jdk.proxy2.$Proxy12.click(Unknown Source)
	at com.oneapp.page_actions.Emergency_contact_page_actions.Deleting_contact(Emergency_contact_page_actions.java:55)
	at com.oneapp.test_suits.EmergencyContact_testcases.validate_emergency_contact_deleted_succesfully_testcase(EmergencyContact_testcases.java:66)
	at java.base/java.util.ArrayList.forEach(ArrayList.java:1511)
... Removed 32 stack frames</pre></div><a href='#' onClick='toggleBox("stack-trace759099777", this, "Click to show all stack frames", "Click to hide stack frames")'>Click to show all stack frames</a>
<div class='stack-trace' id='stack-trace759099777'><pre>org.openqa.selenium.NoSuchElementException: An element could not be located on the page using the given search parameters.
For documentation on this error, please visit: https://www.seleniumhq.org/exceptions/no_such_element.html
Build info: version: &apos;3.141.59&apos;, revision: &apos;e82be7d358&apos;, time: &apos;2018-11-14T08:17:03&apos;
System info: host: &apos;DESKTOP-A2S9SMV&apos;, ip: &apos;192.168.0.104&apos;, os.name: &apos;Windows 10&apos;, os.arch: &apos;amd64&apos;, os.version: &apos;10.0&apos;, java.version: &apos;17.0.6&apos;
Driver info: io.appium.java_client.android.AndroidDriver
Capabilities {app: /opt/raid-data/data/userV2/..., appActivity: com.customerapp.hero.views...., appPackage: com.customerapp.hero, automationName: uiautomator2, build: Android latest APK - 9.0.5, databaseEnabled: false, desired: {app: /opt/raid-data/data/userV2/..., appActivity: com.customerapp.hero.views...., appPackage: com.customerapp.hero, automationName: uiautomator2, build: Android latest APK - 9.0.5, deviceName: 789, launchTimeout: 90000, name: Invalid login, newCommandTimeout: 600, pCloudy_ApiKey: 4mmqmhz7zcctk866c7r6294h, pCloudy_ApplicationName: app-debug.apk, pCloudy_DeviceFullName: SAMSUNG_GalaxyNote20_Androi..., pCloudy_DurationInMinutes: 10, pCloudy_EnableDeviceLogs: false, pCloudy_EnablePerformanceData: false, pCloudy_EnableVideo: false, pCloudy_Username: mobileapp7.support@heromoto..., pCloudy_WildNet: false, platformName: android, platformVersion: 12.0.0, project: Hero app, systemPort: 30064, tag: newtag}, deviceApiLevel: 31, deviceManufacturer: samsung, deviceModel: SM-N980F, deviceName: RZ8N81KBQCP, deviceScreenDensity: 450, deviceScreenSize: 1080x2400, deviceUDID: RZ8N81KBQCP, javascriptEnabled: true, launchTimeout: 90000, locationContextEnabled: false, name: Invalid login, networkConnectionEnabled: true, newCommandTimeout: 600, pCloudy_ApiKey: 4mmqmhz7zcctk866c7r6294h, pCloudy_ApplicationName: app-debug.apk, pCloudy_DeviceFullName: SAMSUNG_GalaxyNote20_Androi..., pCloudy_DurationInMinutes: 10, pCloudy_EnableDeviceLogs: false, pCloudy_EnablePerformanceData: false, pCloudy_EnableVideo: false, pCloudy_Username: mobileapp7.support@heromoto..., pCloudy_WildNet: false, pixelRatio: 2.8125, platform: LINUX, platformName: Android, platformVersion: 12, project: Hero app, statBarHeight: 92, systemPort: 30064, tag: newtag, takesScreenshot: true, viewportRect: {height: 2081, left: 0, top: 92, width: 1080}, warnings: {}, webStorageEnabled: false}
Session ID: bc875a8d-9403-40f9-81d6-caed4436e295
*** Element info: {Using=id, value=com.customerapp.hero:id/ivAction}
	at java.base/jdk.internal.reflect.NativeConstructorAccessorImpl.newInstance0(Native Method)
	at java.base/jdk.internal.reflect.NativeConstructorAccessorImpl.newInstance(NativeConstructorAccessorImpl.java:77)
	at java.base/jdk.internal.reflect.DelegatingConstructorAccessorImpl.newInstance(DelegatingConstructorAccessorImpl.java:45)
	at java.base/java.lang.reflect.Constructor.newInstanceWithCaller(Constructor.java:499)
	at java.base/java.lang.reflect.Constructor.newInstance(Constructor.java:480)
	at org.openqa.selenium.remote.http.W3CHttpResponseCodec.createException(W3CHttpResponseCodec.java:187)
	at org.openqa.selenium.remote.http.W3CHttpResponseCodec.decode(W3CHttpResponseCodec.java:122)
	at org.openqa.selenium.remote.http.W3CHttpResponseCodec.decode(W3CHttpResponseCodec.java:49)
	at org.openqa.selenium.remote.HttpCommandExecutor.execute(HttpCommandExecutor.java:158)
	at io.appium.java_client.remote.AppiumCommandExecutor.execute(AppiumCommandExecutor.java:250)
	at org.openqa.selenium.remote.RemoteWebDriver.execute(RemoteWebDriver.java:552)
	at io.appium.java_client.DefaultGenericMobileDriver.execute(DefaultGenericMobileDriver.java:41)
	at io.appium.java_client.AppiumDriver.execute(AppiumDriver.java:1)
	at io.appium.java_client.android.AndroidDriver.execute(AndroidDriver.java:1)
	at org.openqa.selenium.remote.RemoteWebDriver.findElement(RemoteWebDriver.java:323)
	at io.appium.java_client.DefaultGenericMobileDriver.findElement(DefaultGenericMobileDriver.java:61)
	at io.appium.java_client.AppiumDriver.findElement(AppiumDriver.java:1)
	at io.appium.java_client.android.AndroidDriver.findElement(AndroidDriver.java:1)
	at org.openqa.selenium.remote.RemoteWebDriver.findElementById(RemoteWebDriver.java:372)
	at io.appium.java_client.DefaultGenericMobileDriver.findElementById(DefaultGenericMobileDriver.java:69)
	at io.appium.java_client.AppiumDriver.findElementById(AppiumDriver.java:1)
	at io.appium.java_client.android.AndroidDriver.findElementById(AndroidDriver.java:1)
	at org.openqa.selenium.By$ById.findElement(By.java:188)
	at org.openqa.selenium.remote.RemoteWebDriver.findElement(RemoteWebDriver.java:315)
	at io.appium.java_client.DefaultGenericMobileDriver.findElement(DefaultGenericMobileDriver.java:57)
	at io.appium.java_client.AppiumDriver.findElement(AppiumDriver.java:1)
	at io.appium.java_client.android.AndroidDriver.findElement(AndroidDriver.java:1)
	at org.openqa.selenium.support.pagefactory.DefaultElementLocator.findElement(DefaultElementLocator.java:69)
	at org.openqa.selenium.support.pagefactory.internal.LocatingElementHandler.invoke(LocatingElementHandler.java:38)
	at jdk.proxy2/jdk.proxy2.$Proxy12.click(Unknown Source)
	at com.oneapp.page_actions.Emergency_contact_page_actions.Deleting_contact(Emergency_contact_page_actions.java:55)
	at com.oneapp.test_suits.EmergencyContact_testcases.validate_emergency_contact_deleted_succesfully_testcase(EmergencyContact_testcases.java:66)
	at java.base/jdk.internal.reflect.NativeMethodAccessorImpl.invoke0(Native Method)
	at java.base/jdk.internal.reflect.NativeMethodAccessorImpl.invoke(NativeMethodAccessorImpl.java:77)
	at java.base/jdk.internal.reflect.DelegatingMethodAccessorImpl.invoke(DelegatingMethodAccessorImpl.java:43)
	at java.base/java.lang.reflect.Method.invoke(Method.java:568)
	at org.testng.internal.MethodInvocationHelper.invokeMethod(MethodInvocationHelper.java:133)
	at org.testng.internal.TestInvoker.invokeMethod(TestInvoker.java:598)
	at org.testng.internal.TestInvoker.invokeTestMethod(TestInvoker.java:173)
	at org.testng.internal.MethodRunner.runInSequence(MethodRunner.java:46)
	at org.testng.internal.TestInvoker$MethodInvocationAgent.invoke(TestInvoker.java:824)
	at org.testng.internal.TestInvoker.invokeTestMethods(TestInvoker.java:146)
	at org.testng.internal.TestMethodWorker.invokeTestMethods(TestMethodWorker.java:146)
	at org.testng.internal.TestMethodWorker.run(TestMethodWorker.java:128)
	at java.base/java.util.ArrayList.forEach(ArrayList.java:1511)
	at org.testng.TestRunner.privateRun(TestRunner.java:794)
	at org.testng.TestRunner.run(TestRunner.java:596)
	at org.testng.SuiteRunner.runTest(SuiteRunner.java:377)
	at org.testng.SuiteRunner.runSequentially(SuiteRunner.java:371)
	at org.testng.SuiteRunner.privateRun(SuiteRunner.java:332)
	at org.testng.SuiteRunner.run(SuiteRunner.java:276)
	at org.testng.SuiteRunnerWorker.runSuite(SuiteRunnerWorker.java:53)
	at org.testng.SuiteRunnerWorker.run(SuiteRunnerWorker.java:96)
	at org.testng.TestNG.runSuitesSequentially(TestNG.java:1212)
	at org.testng.TestNG.runSuitesLocally(TestNG.java:1134)
	at org.testng.TestNG.runSuites(TestNG.java:1063)
	at org.testng.TestNG.run(TestNG.java:1031)
	at org.testng.remote.AbstractRemoteTestNG.run(AbstractRemoteTestNG.java:115)
	at org.testng.remote.RemoteTestNG.initAndRun(RemoteTestNG.java:251)
	at org.testng.remote.RemoteTestNG.main(RemoteTestNG.java:77)
</pre></div></td>
<td>0</td>
<td>com.oneapp.test_suits.EmergencyContact_testcases@3116c353</td></tr>
</table><p>
</body>
</html>